<?xml version="1.0" encoding="UTF-8"?>
<!-- Generated by org.testng.reporters.JUnitXMLReporter -->
<testsuite ignored="0" hostname="Dell" failures="0" tests="6" name="Test" time="0.256" errors="0" timestamp="2021-03-10T22:48:20 IST">
  <testcase classname="qaClickAyushi.Mavenjava.SeleniumTest" name="BrowserAutomation" time="0.028"/>
  <testcase classname="qaClickAyushi.Mavenjava.SeleniumTest" name="voidUielement" time="0.017"/>
  <testcase classname="qaClickAyushi.Mavenjava.AppiumTest" name="AndroidApp" time="0.007"/>
  <testcase classname="qaClickAyushi.Mavenjava.AppiumTest" name="IosApp" time="0.009"/>
  <testcase classname="qaClickAyushi.Mavenjava.APITest" name="delete" time="0.005"/>
  <testcase classname="qaClickAyushi.Mavenjava.APITest" name="post" time="0.013"/>
</testsuite> <!-- Test -->
