<?xml version="1.0" encoding="UTF-8"?>
<!-- Generated by org.testng.reporters.JUnitXMLReporter -->
<testsuite ignored="0" hostname="Dell" failures="0" tests="6" name="Command line test" time="0.084" errors="0" timestamp="2021-03-11T08:53:39 IST">
  <testcase classname="qaClickAyushi.Mavenjava.APITest" name="delete" time="0.007"/>
  <testcase classname="qaClickAyushi.Mavenjava.APITest" name="post" time="0.0"/>
  <testcase classname="qaClickAyushi.Mavenjava.AppiumTest" name="AndroidApp" time="0.001"/>
  <testcase classname="qaClickAyushi.Mavenjava.AppiumTest" name="IosApp" time="0.0"/>
  <testcase classname="qaClickAyushi.Mavenjava.SeleniumTest" name="BrowserAutomation" time="0.001"/>
  <testcase classname="qaClickAyushi.Mavenjava.SeleniumTest" name="voidUielement" time="0.001"/>
</testsuite> <!-- Command line test -->
