<?xml version="1.0" encoding="UTF-8"?>
<!-- Generated by org.testng.reporters.JUnitXMLReporter -->
<testsuite ignored="0" hostname="Dell" failures="0" tests="4" name="Test" time="0.139" errors="0" timestamp="2021-03-11T08:54:02 IST">
  <testcase classname="qaClickAyushi.Mavenjava.SeleniumTest" name="BrowserAutomation" time="0.013"/>
  <testcase classname="qaClickAyushi.Mavenjava.SeleniumTest" name="voidUielement" time="0.001"/>
  <testcase classname="qaClickAyushi.Mavenjava.AppiumTest" name="AndroidApp" time="0.002"/>
  <testcase classname="qaClickAyushi.Mavenjava.AppiumTest" name="IosApp" time="0.001"/>
</testsuite> <!-- Test -->
