<?xml version="1.0" encoding="UTF-8"?>
<testng-results ignored="0" total="4" passed="4" failed="0" skipped="0">
  <reporter-output>
  </reporter-output>
  <suite started-at="2021-03-11T08:54:01 IST" name="Suite" finished-at="2021-03-11T08:54:02 IST" duration-ms="139">
    <groups>
    </groups>
    <test started-at="2021-03-11T08:54:01 IST" name="Test" finished-at="2021-03-11T08:54:02 IST" duration-ms="139">
      <class name="qaClickAyushi.Mavenjava.AppiumTest">
        <test-method signature="AndroidApp()[pri:0, instance:qaClickAyushi.Mavenjava.AppiumTest@4fe767f3]" started-at="2021-03-11T08:54:02 IST" name="AndroidApp" finished-at="2021-03-11T08:54:02 IST" duration-ms="2" status="PASS">
          <reporter-output>
          </reporter-output>
        </test-method> <!-- AndroidApp -->
        <test-method signature="IosApp()[pri:0, instance:qaClickAyushi.Mavenjava.AppiumTest@4fe767f3]" started-at="2021-03-11T08:54:02 IST" name="IosApp" finished-at="2021-03-11T08:54:02 IST" duration-ms="1" status="PASS">
          <reporter-output>
          </reporter-output>
        </test-method> <!-- IosApp -->
      </class> <!-- qaClickAyushi.Mavenjava.AppiumTest -->
      <class name="qaClickAyushi.Mavenjava.SeleniumTest">
        <test-method signature="BrowserAutomation()[pri:0, instance:qaClickAyushi.Mavenjava.SeleniumTest@6a01e23]" started-at="2021-03-11T08:54:01 IST" name="BrowserAutomation" finished-at="2021-03-11T08:54:01 IST" duration-ms="13" status="PASS">
          <reporter-output>
          </reporter-output>
        </test-method> <!-- BrowserAutomation -->
        <test-method signature="voidUielement()[pri:0, instance:qaClickAyushi.Mavenjava.SeleniumTest@6a01e23]" started-at="2021-03-11T08:54:01 IST" name="voidUielement" finished-at="2021-03-11T08:54:02 IST" duration-ms="1" status="PASS">
          <reporter-output>
          </reporter-output>
        </test-method> <!-- voidUielement -->
      </class> <!-- qaClickAyushi.Mavenjava.SeleniumTest -->
    </test> <!-- Test -->
  </suite> <!-- Suite -->
</testng-results>
