<?xml version="1.0" encoding="UTF-8"?>
<testng-results ignored="0" total="6" passed="6" failed="0" skipped="0">
  <reporter-output>
  </reporter-output>
  <suite started-at="2021-03-10T22:48:20 IST" name="Suite" finished-at="2021-03-10T22:48:20 IST" duration-ms="256">
    <groups>
    </groups>
    <test started-at="2021-03-10T22:48:20 IST" name="Test" finished-at="2021-03-10T22:48:20 IST" duration-ms="256">
      <class name="qaClickAyushi.Mavenjava.AppiumTest">
        <test-method signature="AndroidApp()[pri:0, instance:qaClickAyushi.Mavenjava.AppiumTest@1f0f1111]" started-at="2021-03-10T22:48:20 IST" name="AndroidApp" finished-at="2021-03-10T22:48:20 IST" duration-ms="7" status="PASS">
          <reporter-output>
          </reporter-output>
        </test-method> <!-- AndroidApp -->
        <test-method signature="IosApp()[pri:0, instance:qaClickAyushi.Mavenjava.AppiumTest@1f0f1111]" started-at="2021-03-10T22:48:20 IST" name="IosApp" finished-at="2021-03-10T22:48:20 IST" duration-ms="9" status="PASS">
          <reporter-output>
          </reporter-output>
        </test-method> <!-- IosApp -->
      </class> <!-- qaClickAyushi.Mavenjava.AppiumTest -->
      <class name="qaClickAyushi.Mavenjava.SeleniumTest">
        <test-method signature="BrowserAutomation()[pri:0, instance:qaClickAyushi.Mavenjava.SeleniumTest@670002]" started-at="2021-03-10T22:48:20 IST" name="BrowserAutomation" finished-at="2021-03-10T22:48:20 IST" duration-ms="28" status="PASS">
          <reporter-output>
          </reporter-output>
        </test-method> <!-- BrowserAutomation -->
        <test-method signature="voidUielement()[pri:0, instance:qaClickAyushi.Mavenjava.SeleniumTest@670002]" started-at="2021-03-10T22:48:20 IST" name="voidUielement" finished-at="2021-03-10T22:48:20 IST" duration-ms="17" status="PASS">
          <reporter-output>
          </reporter-output>
        </test-method> <!-- voidUielement -->
      </class> <!-- qaClickAyushi.Mavenjava.SeleniumTest -->
      <class name="qaClickAyushi.Mavenjava.APITest">
        <test-method signature="delete()[pri:0, instance:qaClickAyushi.Mavenjava.APITest@49c386c8]" started-at="2021-03-10T22:48:20 IST" name="delete" finished-at="2021-03-10T22:48:20 IST" duration-ms="5" status="PASS">
          <reporter-output>
          </reporter-output>
        </test-method> <!-- delete -->
        <test-method signature="post()[pri:0, instance:qaClickAyushi.Mavenjava.APITest@49c386c8]" started-at="2021-03-10T22:48:20 IST" name="post" finished-at="2021-03-10T22:48:20 IST" duration-ms="13" status="PASS">
          <reporter-output>
          </reporter-output>
        </test-method> <!-- post -->
      </class> <!-- qaClickAyushi.Mavenjava.APITest -->
    </test> <!-- Test -->
  </suite> <!-- Suite -->
</testng-results>
